| G |   |   |   |   |   |   |   | x |   |   | x |   |   |   |   |   |   |   |   |

| x | x | x |   |   |   |   |   | x | x | x |   | x | x | x |   |   |   |   |   |

| x |   | x |   |   |   |   |   | x |   | x |   | x |   | x |   | x | x | x |   |

| x |   | x |   |   |   |   |   | x |   | x |   | x |   | x |   |   |   |   |   |

| x | x | x |   |   | x | x | x | x | x | x |   | x | x | x |   | x |   | x |   |

|   |   | x |   |   | x |   | x |   |   |   |   |   |   |   |   |   |   |   |   |

|   |   | x |   |   | x |   | x |   |   |   |   |   |   |   |   | x | x | x |   |

|   |   |   |   |   | x | x | x |   |   |   |   |   |   |   |   |   |   |   |   |

|   |   | x | x | x |   |   |   | x | x | x |   | x | x | x |   |   |   |   |   |

|   |   | x |   | x |   |   |   | x |   | x |   | x |   | x |   |   |   |   |   |

|   |   | x |   | x |   |   |   | x |   | x |   | x |   | x |   |   |   |   |   |

|   |   | x | x | x |   |   |   | x | x | x |   | x | x | x |   |   |   |   |   |

|   |   |   |   |   | x | x | x |   |   | x | x | x |   |   | x | x | x |   |   |

|   |   |   |   |   | x |   | x |   |   | x |   | x |   |   | x |   | x |   |   |

|   |   |   |   |   | x |   | x |   |   | x |   | x |   |   | x |   | x |   |   |

|   |   |   |   |   | x | x | x |   |   | x | x | x |   | x | x | x | x | x |   |

|   | x | x | x |   | x |   |   |   |   |   |   | x | x | x |   |   |   |   |   |

|   | x |   | x |   | x |   |   |   |   |   |   | x |   | x |   |   |   |   |   |

|   | x |   | x |   | x |   |   |   |   |   |   | x |   | x |   |   |   |   |   |

|   | x | x | x | x | x |   |   |   |   |   |   | x | x | x |   |   |   |   |   |

|㋡ |   |   |   |   |   |   |   |   |   |   |   |   |   |   |   |   |   |   |   |

| 1 | 1 | 1 | 1 | 1 | 1 | 1 | 1 | 1 | 1 | 1 | 1 | 1 | 1 | 1 | 1 | 1 | 1 | 1 | 1 |

| 1 | 1 | 1 | 1 | 1 | 1 | 1 | 1 | 1 | 1 | 1 | 1 | 1 | 1 | 1 | 1 | 1 | 1 | 1 | 1 |

| 1 | 1 | 1 | 1 | 1 | 1 | 1 | 1 | 1 | 1 | 1 | 1 | 1 | 1 | 1 | 1 | 1 | 1 | 1 | 1 |

| 1 | 1 | 1 | 1 | 1 | 1 | 1 | 1 | 1 | 1 | 1 | 1 | 1 | 1 | 1 | 5 | 20 | 1 | 100 | 5 |

| 1 | 1 | 1 | 1 | 1 | 1 | 1 | 1 | 1 | 1 | 1 | 1 | 1 | 1 | 1 | 5 | 1 | 1 | 1 | 5 |

| 2 | 2 | 1 | 1 | 1 | 1 | 1 | 1 | 2 | 2 | 2 | 2 | 5 | 5 | 5 | 5 | 100 | 1 | 100 | 5 |

| 2 | 2 | 1 | 1 | 1 | 1 | 1 | 1 | 2 | 2 | 2 | 2 | 5 | 5 | 5 | 5 | 1 | 1 | 1 | 5 |

| 2 | 2 | 20 | 1 | 1 | 1 | 1 | 1 | 20 | 1 | 2 | 2 | 5 | 5 | 5 | 5 | 1 | 1 | 5 | 5 |

| 2 | 2 | 1 | 1 | 1 | 20 | 2 | 2 | 1 | 1 | 1 | 1 | 1 | 1 | 1 | 1 | 1 | 1 | 5 | 5 |

| 2 | 2 | 1 | 1 | 1 | 2 | 2 | 2 | 1 | 1 | 1 | 1 | 1 | 1 | 1 | 1 | 1 | 1 | 5 | 5 |

| 2 | 2 | 1 | 1 | 1 | 2 | 2 | 2 | 1 | 1 | 1 | 1 | 1 | 1 | 1 | 1 | 1 | 1 | 5 | 5 |

| 2 | 2 | 1 | 1 | 1 | 50 | 2 | 2 | 1 | 1 | 1 | 1 | 1 | 1 | 1 | 1 | 1 | 1 | 5 | 5 |

| 2 | 2 | 2 | 2 | 2 | 1 | 1 | 1 | 1 | 1 | 1 | 1 | 1 | 1 | 1 | 1 | 1 | 1 | 5 | 5 |

| 2 | 2 | 2 | 2 | 2 | 1 | 1 | 1 | 1 | 1 | 1 | 1 | 1 | 1 | 1 | 1 | 1 | 1 | 5 | 5 |

| 2 | 2 | 2 | 2 | 2 | 1 | 1 | 1 | 1 | 1 | 1 | 1 | 1 | 1 | 1 | 1 | 1 | 1 | 5 | 5 |

| 2 | 2 | 2 | 2 | 2 | 1 | 1 | 1 | 1 | 1 | 1 | 1 | 1 | 1 | 1 | 1 | 1 | 1 | 1 | 50 |

| 1 | 1 | 1 | 1 | 1 | 1 | 1 | 1 | 1 | 1 | 1 | 1 | 1 | 1 | 1 | 2 | 2 | 2 | 2 | 2 |

| 1 | 1 | 1 | 1 | 1 | 1 | 1 | 1 | 1 | 1 | 1 | 1 | 1 | 1 | 1 | 2 | 2 | 2 | 2 | 2 |

| 1 | 1 | 1 | 1 | 1 | 1 | 1 | 1 | 1 | 1 | 1 | 1 | 1 | 1 | 1 | 2 | 2 | 2 | 2 | 2 |

| 1 | 1 | 1 | 1 | 1 | 1 | 1 | 1 | 1 | 1 | 1 | 1 | 1 | 1 | 1 | 2 | 2 | 2 | 2 | 2 |

| 1 | 1 | 1 | 2 | 2 | 2 | 2 | 2 | 2 | 2 | 2 | 2 | 2 | 2 | 2 | 2 | 2 | 2 | 2 | 2 |

Moves: [(0, 20), (0, 19), (0, 18), (0, 17), (0, 16), (1, 15), (2, 14), (1, 13), (1, 12), (0, 11), (1, 10), (1, 9), (1, 8), (2, 7), (3, 6), (4, 5), (3, 4), (3, 3), (3, 2), (3, 1), (2, 0), (1, 0), (0, 0)]
Nodes explored: 166
Cost: 49
Time elapsed: 0.0038721561431884766
