00|G| | | | | | | |O| | |O| | | | | | | | |
01|O|O|O| | | | | |O|O|O| |O|O|O| | | | | |
02|O| |O| | | | | |O| |O| |O| |O| |O|O|O| |
03|O| |O| | | | | |O| |O| |O| |O| | | | | |
04|O|O|O| | |O|O|O|O|O|O| |O|O|O| |O| |O| |
05| | |O| | |O| |O| | | | | | | | | | | | |
06| | |O| | |O| |O| | | | | | | | |O|O|O| |
07| | | | | |O|O|O| | | | | | | | | | | | |
08| | |O|O|O| | | |O|O|O| |O|O|O| | | | | |
09| | |O| |O| | | |O| |O| |O| |O| | | | | |
10| | |O| |O| | | |O| |O| |O| |O| | | | | |
11| | |O|O|O| | | |O|O|O| |O|O|O| | | | | |
12| | | | | |O|O|O| | |O|O|O| | |O|O|O| | |
13| | | | | |O| |O| | |O| |O| | |O| |O| | |
14| | | | | |O| |O| | |O| |O| | |O| |O| | |
15| | | | | |O|O|O| | |O|O|O| |O|O|O|O|O| |
16| |O|O|O| |O| | | | | | |O|O|O| | | | | |
17| |O| |O| |O| | | | | | |O| |O| | | | | |
18| |O| |O| |O| | | | | | |O| |O| | | | | |
19| |O|O|O|O|O| | | | | | |O|O|O| | | | | |
20|K| | | | | | | | | | | | | | | | | | | |
  |a|b|c|d|e|f|g|h|i|j|k|l|m|n|o|p|q|r|s|t|

[1, 1, 1, 1, 1, 1, 1, 1, 1, 1, 1, 1, 1, 1, 1, 1, 1, 1, 1, 1]
[1, 1, 1, 1, 1, 1, 1, 1, 1, 1, 1, 1, 1, 1, 1, 1, 1, 1, 1, 1]
[1, 1, 1, 1, 1, 1, 1, 1, 1, 1, 1, 1, 1, 1, 1, 1, 1, 1, 1, 1]
[1, 1, 1, 1, 1, 1, 1, 1, 1, 1, 1, 1, 1, 1, 1, 5, 20, 1, 100, 5]
[1, 1, 1, 1, 1, 1, 1, 1, 1, 1, 1, 1, 1, 1, 1, 5, 1, 1, 1, 5]
[2, 2, 1, 1, 1, 1, 1, 1, 2, 2, 2, 2, 5, 5, 5, 5, 100, 1, 100, 5]
[2, 2, 1, 1, 1, 1, 1, 1, 2, 2, 2, 2, 5, 5, 5, 5, 1, 1, 1, 5]
[2, 2, 20, 1, 1, 1, 1, 1, 20, 1, 2, 2, 5, 5, 5, 5, 1, 1, 5, 5]
[2, 2, 1, 1, 1, 20, 2, 2, 1, 1, 1, 1, 1, 1, 1, 1, 1, 1, 5, 5]
[2, 2, 1, 1, 1, 2, 2, 2, 1, 1, 1, 1, 1, 1, 1, 1, 1, 1, 5, 5]
[2, 2, 1, 1, 1, 2, 2, 2, 1, 1, 1, 1, 1, 1, 1, 1, 1, 1, 5, 5]
[2, 2, 1, 1, 1, 50, 2, 2, 1, 1, 1, 1, 1, 1, 1, 1, 1, 1, 5, 5]
[2, 2, 2, 2, 2, 1, 1, 1, 1, 1, 1, 1, 1, 1, 1, 1, 1, 1, 5, 5]
[2, 2, 2, 2, 2, 1, 1, 1, 1, 1, 1, 1, 1, 1, 1, 1, 1, 1, 5, 5]
[2, 2, 2, 2, 2, 1, 1, 1, 1, 1, 1, 1, 1, 1, 1, 1, 1, 1, 5, 5]
[2, 2, 2, 2, 2, 1, 1, 1, 1, 1, 1, 1, 1, 1, 1, 1, 1, 1, 1, 50]
[1, 1, 1, 1, 1, 1, 1, 1, 1, 1, 1, 1, 1, 1, 1, 2, 2, 2, 2, 2]
[1, 1, 1, 1, 1, 1, 1, 1, 1, 1, 1, 1, 1, 1, 1, 2, 2, 2, 2, 2]
[1, 1, 1, 1, 1, 1, 1, 1, 1, 1, 1, 1, 1, 1, 1, 2, 2, 2, 2, 2]
[1, 1, 1, 1, 1, 1, 1, 1, 1, 1, 1, 1, 1, 1, 1, 2, 2, 2, 2, 2]
[1, 1, 1, 2, 2, 2, 2, 2, 2, 2, 2, 2, 2, 2, 2, 2, 2, 2, 2, 2]

00|K|K|K| | | | | |O| | |O| | | | | | | | |
01|O|O|O|K| | | | |O|O|O| |O|O|O| | | | | |
02|O| |O|K| | | | |O| |O| |O| |O| |O|O|O| |
03|O| |O| |K| | | |O| |O| |O| |O| | | | | |
04|O|O|O|K| |O|O|O|O|O|O| |O|O|O| |O| |O| |
05| | |O|K| |O| |O| | | | | | | | | | | | |
06| | |O|K| |O| |O| | | | | | | | |O|O|O| |
07| | |K| | |O|O|O| | | | | | | | | | | | |
08| |K|O|O|O| | | |O|O|O| |O|O|O| | | | | |
09| |K|O| |O| | | |O| |O| |O| |O| | | | | |
10| |K|O| |O| | | |O| |O| |O| |O| | | | | |
11| |K|O|O|O| | | |O|O|O| |O|O|O| | | | | |
12|K| | | | |O|O|O| | |O|O|O| | |O|O|O| | |
13|K| | | | |O| |O| | |O| |O| | |O| |O| | |
14| |K| | | |O| |O| | |O| |O| | |O| |O| | |
15|K| | | | |O|O|O| | |O|O|O| |O|O|O|O|O| |
16|K|O|O|O| |O| | | | | | |O|O|O| | | | | |
17|K|O| |O| |O| | | | | | |O| |O| | | | | |
18|K|O| |O| |O| | | | | | |O| |O| | | | | |
19|K|O|O|O|O|O| | | | | | |O|O|O| | | | | |
20|K| | | | | | | | | | | | | | | | | | | |
  |a|b|c|d|e|f|g|h|i|j|k|l|m|n|o|p|q|r|s|t|

([[('a', 20), ('a', 19)], [('a', 19), ('a', 18)], [('a', 18), ('a', 17)], [('a', 17), ('a', 16)], [('a', 16), ('a', 15)], [('a', 15), ('b', 14)], [('b', 14), ('a', 13)], [('a', 13), ('a', 12)], [('a', 12), ('b', 11)], [('b', 11), ('b', 10)], [('b', 10), ('b', 9)], [('b', 9), ('b', 8)], [('b', 8), ('c', 7)], [('c', 7), ('d', 6)], [('d', 6), ('d', 5)], [('d', 5), ('d', 4)], [('d', 4), ('e', 3)], [('e', 3), ('d', 2)], [('d', 2), ('d', 1)], [('d', 1), ('c', 0)], [('c', 0), ('b', 0)], [('b', 0), ('a', 0)]], 165, 50)
0.00626373291015625
